{
  message: 'database connected',
  level: 'info',
  timestamp: '2023-06-14T18:01:06.720Z',
  label: 'PH'
}
{
  message: 'application listening on port 5000',
  level: 'info',
  timestamp: '2023-06-14T18:01:06.730Z',
  label: 'PH'
}
{
  message: 'database connected',
  level: 'info',
  timestamp: '2023-06-14T18:02:14.103Z',
  label: 'PH'
}
{
  message: 'application listening on port 5000',
  level: 'info',
  timestamp: '2023-06-14T18:02:14.115Z',
  label: 'PH'
}
{
  message: 'database connected',
  level: 'info',
  timestamp: '2023-06-14T18:02:44.756Z',
  label: 'PH'
}
{
  message: 'application listening on port 5000',
  level: 'info',
  timestamp: '2023-06-14T18:02:44.776Z',
  label: 'PH'
}
{
  message: 'database connected',
  level: 'info',
  timestamp: '2023-06-14T18:03:16.672Z',
  label: 'PH'
}
{
  message: 'application listening on port 5000',
  level: 'info',
  timestamp: '2023-06-14T18:03:16.692Z',
  label: 'PH'
}
{
  message: 'database connected',
  level: 'info',
  timestamp: '2023-06-14T18:04:11.484Z',
  label: 'PH'
}
{
  message: 'application listening on port 5000',
  level: 'info',
  timestamp: '2023-06-14T18:04:11.497Z',
  label: 'PH'
}
{
  message: 'database connected',
  level: 'info',
  timestamp: '2023-06-14T18:09:18.968Z',
  label: 'PH'
}
{
  message: 'application listening on port 5000',
  level: 'info',
  timestamp: '2023-06-14T18:09:18.982Z',
  label: 'PH'
}
{
  message: 'database connected',
  level: 'info',
  timestamp: '2023-06-14T18:09:40.483Z',
  label: 'PH'
}
{
  message: 'application listening on port 5000',
  level: 'info',
  timestamp: '2023-06-14T18:09:40.495Z',
  label: 'PH'
}
