{
  message: 'database connected',
  level: 'info',
  timestamp: '2023-06-23T09:00:06.287Z',
  label: 'PH'
}
{
  message: 'application listening on port 5000',
  level: 'info',
  timestamp: '2023-06-23T09:00:06.321Z',
  label: 'PH'
}
{
  message: 'database connected',
  level: 'info',
  timestamp: '2023-06-23T09:00:29.200Z',
  label: 'PH'
}
{
  message: 'application listening on port 5000',
  level: 'info',
  timestamp: '2023-06-23T09:00:29.266Z',
  label: 'PH'
}
{
  message: 'database connected',
  level: 'info',
  timestamp: '2023-06-23T09:00:51.605Z',
  label: 'PH'
}
{
  message: 'application listening on port 5000',
  level: 'info',
  timestamp: '2023-06-23T09:00:51.633Z',
  label: 'PH'
}
{
  message: 'database connected',
  level: 'info',
  timestamp: '2023-06-23T09:02:23.898Z',
  label: 'PH'
}
{
  message: 'application listening on port 5000',
  level: 'info',
  timestamp: '2023-06-23T09:02:23.920Z',
  label: 'PH'
}
{
  message: 'database connected',
  level: 'info',
  timestamp: '2023-06-23T09:02:45.207Z',
  label: 'PH'
}
{
  message: 'application listening on port 5000',
  level: 'info',
  timestamp: '2023-06-23T09:02:45.234Z',
  label: 'PH'
}
{
  message: 'database connected',
  level: 'info',
  timestamp: '2023-06-23T09:03:46.115Z',
  label: 'PH'
}
{
  message: 'application listening on port 5000',
  level: 'info',
  timestamp: '2023-06-23T09:03:46.134Z',
  label: 'PH'
}
{
  message: 'database connected',
  level: 'info',
  timestamp: '2023-06-23T09:05:50.110Z',
  label: 'PH'
}
{
  message: 'application listening on port 5000',
  level: 'info',
  timestamp: '2023-06-23T09:05:50.137Z',
  label: 'PH'
}
{
  message: 'database connected',
  level: 'info',
  timestamp: '2023-06-23T09:06:19.091Z',
  label: 'PH'
}
{
  message: 'application listening on port 5000',
  level: 'info',
  timestamp: '2023-06-23T09:06:19.116Z',
  label: 'PH'
}
{
  message: 'database connected',
  level: 'info',
  timestamp: '2023-06-23T09:07:33.410Z',
  label: 'PH'
}
{
  message: 'application listening on port 5000',
  level: 'info',
  timestamp: '2023-06-23T09:07:33.458Z',
  label: 'PH'
}
{
  message: 'database connected',
  level: 'info',
  timestamp: '2023-06-23T09:10:02.830Z',
  label: 'PH'
}
{
  message: 'application listening on port 5000',
  level: 'info',
  timestamp: '2023-06-23T09:10:02.856Z',
  label: 'PH'
}
{
  message: 'database connected',
  level: 'info',
  timestamp: '2023-06-23T09:13:13.645Z',
  label: 'PH'
}
{
  message: 'application listening on port 5000',
  level: 'info',
  timestamp: '2023-06-23T09:13:13.689Z',
  label: 'PH'
}
{
  message: 'database connected',
  level: 'info',
  timestamp: '2023-06-23T09:14:50.874Z',
  label: 'PH'
}
{
  message: 'application listening on port 5000',
  level: 'info',
  timestamp: '2023-06-23T09:14:50.893Z',
  label: 'PH'
}
{
  message: 'database connected',
  level: 'info',
  timestamp: '2023-06-23T09:16:00.123Z',
  label: 'PH'
}
{
  message: 'application listening on port 5000',
  level: 'info',
  timestamp: '2023-06-23T09:16:00.165Z',
  label: 'PH'
}
{
  message: 'database connected',
  level: 'info',
  timestamp: '2023-06-23T09:16:13.389Z',
  label: 'PH'
}
{
  message: 'application listening on port 5000',
  level: 'info',
  timestamp: '2023-06-23T09:16:13.417Z',
  label: 'PH'
}
{
  message: 'database connected',
  level: 'info',
  timestamp: '2023-06-23T09:16:47.501Z',
  label: 'PH'
}
{
  message: 'application listening on port 5000',
  level: 'info',
  timestamp: '2023-06-23T09:16:47.525Z',
  label: 'PH'
}
{
  message: 'database connected',
  level: 'info',
  timestamp: '2023-06-23T09:16:54.235Z',
  label: 'PH'
}
{
  message: 'application listening on port 5000',
  level: 'info',
  timestamp: '2023-06-23T09:16:54.272Z',
  label: 'PH'
}
{
  message: 'database connected',
  level: 'info',
  timestamp: '2023-06-23T09:20:45.442Z',
  label: 'PH'
}
{
  message: 'application listening on port 5000',
  level: 'info',
  timestamp: '2023-06-23T09:20:45.490Z',
  label: 'PH'
}
{
  message: 'database connected',
  level: 'info',
  timestamp: '2023-06-23T09:29:59.305Z',
  label: 'PH'
}
{
  message: 'application listening on port 5000',
  level: 'info',
  timestamp: '2023-06-23T09:29:59.322Z',
  label: 'PH'
}
{
  message: 'database connected',
  level: 'info',
  timestamp: '2023-06-23T09:30:46.400Z',
  label: 'PH'
}
{
  message: 'application listening on port 5000',
  level: 'info',
  timestamp: '2023-06-23T09:30:46.433Z',
  label: 'PH'
}
{
  message: 'database connected',
  level: 'info',
  timestamp: '2023-06-23T09:31:16.462Z',
  label: 'PH'
}
{
  message: 'application listening on port 5000',
  level: 'info',
  timestamp: '2023-06-23T09:31:16.479Z',
  label: 'PH'
}
{
  message: 'database connected',
  level: 'info',
  timestamp: '2023-06-23T09:31:26.677Z',
  label: 'PH'
}
{
  message: 'application listening on port 5000',
  level: 'info',
  timestamp: '2023-06-23T09:31:26.693Z',
  label: 'PH'
}
{
  message: 'database connected',
  level: 'info',
  timestamp: '2023-06-23T09:31:40.636Z',
  label: 'PH'
}
{
  message: 'application listening on port 5000',
  level: 'info',
  timestamp: '2023-06-23T09:31:40.658Z',
  label: 'PH'
}
{
  message: 'database connected',
  level: 'info',
  timestamp: '2023-06-23T09:34:27.979Z',
  label: 'PH'
}
{
  message: 'application listening on port 5000',
  level: 'info',
  timestamp: '2023-06-23T09:34:27.995Z',
  label: 'PH'
}
{
  message: 'database connected',
  level: 'info',
  timestamp: '2023-06-23T09:34:43.014Z',
  label: 'PH'
}
{
  message: 'application listening on port 5000',
  level: 'info',
  timestamp: '2023-06-23T09:34:43.041Z',
  label: 'PH'
}
{
  message: 'database connected',
  level: 'info',
  timestamp: '2023-06-23T09:34:53.626Z',
  label: 'PH'
}
{
  message: 'application listening on port 5000',
  level: 'info',
  timestamp: '2023-06-23T09:34:53.643Z',
  label: 'PH'
}
{
  message: 'database connected',
  level: 'info',
  timestamp: '2023-06-23T09:35:23.692Z',
  label: 'PH'
}
{
  message: 'application listening on port 5000',
  level: 'info',
  timestamp: '2023-06-23T09:35:23.718Z',
  label: 'PH'
}
{
  message: 'database connected',
  level: 'info',
  timestamp: '2023-06-23T09:35:58.942Z',
  label: 'PH'
}
{
  message: 'application listening on port 5000',
  level: 'info',
  timestamp: '2023-06-23T09:35:58.962Z',
  label: 'PH'
}
{
  message: 'database connected',
  level: 'info',
  timestamp: '2023-06-23T09:36:12.626Z',
  label: 'PH'
}
{
  message: 'application listening on port 5000',
  level: 'info',
  timestamp: '2023-06-23T09:36:12.638Z',
  label: 'PH'
}
{
  message: 'database connected',
  level: 'info',
  timestamp: '2023-06-23T09:36:22.098Z',
  label: 'PH'
}
{
  message: 'application listening on port 5000',
  level: 'info',
  timestamp: '2023-06-23T09:36:22.137Z',
  label: 'PH'
}
{
  message: 'database connected',
  level: 'info',
  timestamp: '2023-06-23T09:36:53.333Z',
  label: 'PH'
}
{
  message: 'application listening on port 5000',
  level: 'info',
  timestamp: '2023-06-23T09:36:53.366Z',
  label: 'PH'
}
{
  message: 'database connected',
  level: 'info',
  timestamp: '2023-06-23T09:47:35.696Z',
  label: 'PH'
}
{
  message: 'application listening on port 5000',
  level: 'info',
  timestamp: '2023-06-23T09:47:35.704Z',
  label: 'PH'
}
{
  message: 'database connected',
  level: 'info',
  timestamp: '2023-06-23T09:48:18.409Z',
  label: 'PH'
}
{
  message: 'application listening on port 5000',
  level: 'info',
  timestamp: '2023-06-23T09:48:18.419Z',
  label: 'PH'
}
{
  message: 'database connected',
  level: 'info',
  timestamp: '2023-06-23T09:48:55.666Z',
  label: 'PH'
}
{
  message: 'application listening on port 5000',
  level: 'info',
  timestamp: '2023-06-23T09:48:55.677Z',
  label: 'PH'
}
{
  message: 'database connected',
  level: 'info',
  timestamp: '2023-06-23T09:49:32.849Z',
  label: 'PH'
}
{
  message: 'application listening on port 5000',
  level: 'info',
  timestamp: '2023-06-23T09:49:32.860Z',
  label: 'PH'
}
{
  message: 'database connected',
  level: 'info',
  timestamp: '2023-06-23T09:49:56.912Z',
  label: 'PH'
}
{
  message: 'application listening on port 5000',
  level: 'info',
  timestamp: '2023-06-23T09:49:56.920Z',
  label: 'PH'
}
