{
  message: 'database connected',
  level: 'info',
  timestamp: '2023-06-13T13:35:28.707Z',
  label: 'PH'
}
{
  message: 'application listening on port 5000',
  level: 'info',
  timestamp: '2023-06-13T13:35:28.739Z',
  label: 'PH'
}
{
  message: 'database connected',
  level: 'info',
  timestamp: '2023-06-13T13:55:29.525Z',
  label: 'PH'
}
{
  message: 'application listening on port 5000',
  level: 'info',
  timestamp: '2023-06-13T13:55:29.556Z',
  label: 'PH'
}
{
  message: 'database connected',
  level: 'info',
  timestamp: '2023-06-13T13:57:32.329Z',
  label: 'PH'
}
{
  message: 'application listening on port 5000',
  level: 'info',
  timestamp: '2023-06-13T13:57:32.360Z',
  label: 'PH'
}
{
  message: 'database connected',
  level: 'info',
  timestamp: '2023-06-13T13:58:59.055Z',
  label: 'PH'
}
{
  message: 'application listening on port 5000',
  level: 'info',
  timestamp: '2023-06-13T13:58:59.081Z',
  label: 'PH'
}
