{
  message: 'database connected',
  level: 'info',
  timestamp: '2023-06-10T16:35:49.214Z',
  label: 'PH'
}
{
  message: 'application listening on port 5000',
  level: 'info',
  timestamp: '2023-06-10T16:35:49.235Z',
  label: 'PH'
}
{
  message: 'database connected',
  level: 'info',
  timestamp: '2023-06-10T16:36:39.797Z',
  label: 'PH'
}
{
  message: 'application listening on port 5000',
  level: 'info',
  timestamp: '2023-06-10T16:36:39.812Z',
  label: 'PH'
}
{
  message: 'database connected',
  level: 'info',
  timestamp: '2023-06-10T16:37:02.271Z',
  label: 'PH'
}
{
  message: 'application listening on port 5000',
  level: 'info',
  timestamp: '2023-06-10T16:37:02.305Z',
  label: 'PH'
}
{
  message: 'database connected',
  level: 'info',
  timestamp: '2023-06-10T16:39:02.627Z',
  label: 'PH'
}
{
  message: 'application listening on port 5000',
  level: 'info',
  timestamp: '2023-06-10T16:39:02.662Z',
  label: 'PH'
}
{
  message: 'database connected',
  level: 'info',
  timestamp: '2023-06-10T16:42:12.000Z',
  label: 'PH'
}
{
  message: 'application listening on port 5000',
  level: 'info',
  timestamp: '2023-06-10T16:42:12.028Z',
  label: 'PH'
}
{
  message: 'database connected',
  level: 'info',
  timestamp: '2023-06-10T16:42:29.093Z',
  label: 'PH'
}
{
  message: 'application listening on port 5000',
  level: 'info',
  timestamp: '2023-06-10T16:42:29.111Z',
  label: 'PH'
}
