{
  message: 'database connected',
  level: 'info',
  timestamp: '2023-06-06T17:17:07.819Z',
  label: 'PH'
}
{
  message: 'application listening on port 5000',
  level: 'info',
  timestamp: '2023-06-06T17:17:07.829Z',
  label: 'PH'
}
{
  message: 'database connected',
  level: 'info',
  timestamp: '2023-06-06T17:18:29.144Z',
  label: 'PH'
}
{
  message: 'application listening on port 5000',
  level: 'info',
  timestamp: '2023-06-06T17:18:29.171Z',
  label: 'PH'
}
{
  message: 'database connected',
  level: 'info',
  timestamp: '2023-06-06T17:18:43.879Z',
  label: 'PH'
}
{
  message: 'application listening on port 5000',
  level: 'info',
  timestamp: '2023-06-06T17:18:43.900Z',
  label: 'PH'
}
{
  message: 'database connected',
  level: 'info',
  timestamp: '2023-06-06T17:19:48.493Z',
  label: 'PH'
}
{
  message: 'application listening on port 5000',
  level: 'info',
  timestamp: '2023-06-06T17:19:48.508Z',
  label: 'PH'
}
{
  message: 'database connected',
  level: 'info',
  timestamp: '2023-06-06T17:22:44.371Z',
  label: 'PH'
}
{
  message: 'application listening on port 5000',
  level: 'info',
  timestamp: '2023-06-06T17:22:44.391Z',
  label: 'PH'
}
